

Microchip Technology PIC LITE Macro Assembler V1.32 build 58300 
                                                                                               Sun Aug 03 18:26:46 2014

Microchip Technology Omniscient Code Generator (Lite mode) build 58300
     1                           	processor	16F877A
     2                           	opt	pw 120
     3                           	opt	lm
     4                           	psect	maintext,global,class=CODE,split=1,delta=2
     5                           	psect	cinit,global,class=CODE,merge=1,delta=2
     6                           	psect	cstackCOMMON,global,class=COMMON,space=1,delta=1
     7                           	dabs	1,0x7E,2
     8  0000                     	;# 
     9  0001                     	;# 
    10  0002                     	;# 
    11  0003                     	;# 
    12  0004                     	;# 
    13  0005                     	;# 
    14  0006                     	;# 
    15  0007                     	;# 
    16  0008                     	;# 
    17  0009                     	;# 
    18  000A                     	;# 
    19  000B                     	;# 
    20  000C                     	;# 
    21  000D                     	;# 
    22  000E                     	;# 
    23  000E                     	;# 
    24  000F                     	;# 
    25  0010                     	;# 
    26  0011                     	;# 
    27  0012                     	;# 
    28  0013                     	;# 
    29  0014                     	;# 
    30  0015                     	;# 
    31  0015                     	;# 
    32  0016                     	;# 
    33  0017                     	;# 
    34  0018                     	;# 
    35  0019                     	;# 
    36  001A                     	;# 
    37  001B                     	;# 
    38  001B                     	;# 
    39  001C                     	;# 
    40  001D                     	;# 
    41  001E                     	;# 
    42  001F                     	;# 
    43  0081                     	;# 
    44  0085                     	;# 
    45  0086                     	;# 
    46  0087                     	;# 
    47  0088                     	;# 
    48  0089                     	;# 
    49  008C                     	;# 
    50  008D                     	;# 
    51  008E                     	;# 
    52  0091                     	;# 
    53  0092                     	;# 
    54  0093                     	;# 
    55  0094                     	;# 
    56  0098                     	;# 
    57  0099                     	;# 
    58  009C                     	;# 
    59  009D                     	;# 
    60  009E                     	;# 
    61  009F                     	;# 
    62  010C                     	;# 
    63  010D                     	;# 
    64  010E                     	;# 
    65  010F                     	;# 
    66  018C                     	;# 
    67  018D                     	;# 
    68  0006                     _PORTBbits	set	6
    69  0008                     _PORTD	set	8
    70  0008                     _PORTDbits	set	8
    71  0086                     _TRISB	set	134
    72  0088                     _TRISD	set	136
    73                           
    74                           	psect	maintext
    75  07CD                     __pmaintext:	
    76                           ; #config settings
    77                           
    78                           
    79                           ;psect for function _main
    80  0000                     
    81 ;;
    82 ;;Main: autosize = 0, tempsize = 3, incstack = 0, save=0
    83 ;;
    84 ;; *************** function _main *****************
    85 ;; Defined at:
    86 ;;		line 26 in file "pro_acender_led_button.c"
    87 ;; Parameters:    Size  Location     Type
    88 ;;		None
    89 ;; Auto vars:     Size  Location     Type
    90 ;;		None
    91 ;; Return value:  Size  Location     Type
    92 ;;		None               void
    93 ;; Registers used:
    94 ;;		wreg, status,2
    95 ;; Tracked objects:
    96 ;;		On entry : 17F/0
    97 ;;		On exit  : 0/0
    98 ;;		Unchanged: 0/0
    99 ;; Data sizes:     COMMON   BANK0   BANK1   BANK3   BANK2
   100 ;;      Params:         0       0       0       0       0
   101 ;;      Locals:         0       0       0       0       0
   102 ;;      Temps:          3       0       0       0       0
   103 ;;      Totals:         3       0       0       0       0
   104 ;;Total ram usage:        3 bytes
   105 ;; This function calls:
   106 ;;		Nothing
   107 ;; This function is called by:
   108 ;;		Startup code after reset
   109 ;; This function uses a non-reentrant model
   110 ;;
   111  07CD                     _main:	
   112                           
   113                           ;pro_acender_led_button.c: 27: TRISD = 0b00000000;
   114                           
   115                           ;incstack = 0
   116                           ; Regs used in _main: [wreg+status,2]
   117  07CD  1683               	bsf	3,5	;RP0=1, select bank1
   118  07CE  1303               	bcf	3,6	;RP1=0, select bank1
   119  07CF  0188               	clrf	8	;volatile
   120                           
   121                           ;pro_acender_led_button.c: 28: PORTD = 0b00000000;
   122  07D0  1283               	bcf	3,5	;RP0=0, select bank0
   123  07D1  1303               	bcf	3,6	;RP1=0, select bank0
   124  07D2  0188               	clrf	8	;volatile
   125                           
   126                           ;pro_acender_led_button.c: 29: TRISB = 0b11111111;
   127  07D3  30FF               	movlw	255
   128  07D4  1683               	bsf	3,5	;RP0=1, select bank1
   129  07D5  1303               	bcf	3,6	;RP1=0, select bank1
   130  07D6  0086               	movwf	6	;volatile
   131  07D7  2FF6               	goto	l481
   132  07D8                     l483:	
   133                           
   134                           ;pro_acender_led_button.c: 35: {
   135                           ;pro_acender_led_button.c: 36: PORTDbits.RD3=1;
   136  07D8  1588               	bsf	8,3	;volatile
   137                           
   138                           ;pro_acender_led_button.c: 37: _delay((unsigned long)((1000)*(10000000/4000.0)));
   139  07D9  300D               	movlw	13
   140  07DA  00F2               	movwf	??_main+2
   141  07DB  30AF               	movlw	175
   142  07DC  00F1               	movwf	??_main+1
   143  07DD  30C1               	movlw	193
   144  07DE  00F0               	movwf	??_main
   145  07DF                     u27:	
   146  07DF  0BF0               	decfsz	??_main,f
   147  07E0  2FDF               	goto	u27
   148  07E1  0BF1               	decfsz	??_main+1,f
   149  07E2  2FDF               	goto	u27
   150  07E3  0BF2               	decfsz	??_main+2,f
   151  07E4  2FDF               	goto	u27
   152  07E5  0000               	nop
   153                           
   154                           ;pro_acender_led_button.c: 38: PORTDbits.RD3=0;
   155  07E6  1283               	bcf	3,5	;RP0=0, select bank0
   156  07E7  1303               	bcf	3,6	;RP1=0, select bank0
   157  07E8  1188               	bcf	8,3	;volatile
   158                           
   159                           ;pro_acender_led_button.c: 39: _delay((unsigned long)((500)*(10000000/4000.0)));
   160  07E9  3007               	movlw	7
   161  07EA  00F2               	movwf	??_main+2
   162  07EB  3058               	movlw	88
   163  07EC  00F1               	movwf	??_main+1
   164  07ED  305E               	movlw	94
   165  07EE  00F0               	movwf	??_main
   166  07EF                     u37:	
   167  07EF  0BF0               	decfsz	??_main,f
   168  07F0  2FEF               	goto	u37
   169  07F1  0BF1               	decfsz	??_main+1,f
   170  07F2  2FEF               	goto	u37
   171  07F3  0BF2               	decfsz	??_main+2,f
   172  07F4  2FEF               	goto	u37
   173  07F5  2FF6               	nop2
   174  07F6                     l481:	
   175                           ;pro_acender_led_button.c: 32: while (1)
   176                           
   177                           ;pro_acender_led_button.c: 40: }
   178                           
   179                           
   180                           ;pro_acender_led_button.c: 33: {
   181                           ;pro_acender_led_button.c: 34: if (PORTBbits.RB1==1)
   182  07F6  1283               	bcf	3,5	;RP0=0, select bank0
   183  07F7  1303               	bcf	3,6	;RP1=0, select bank0
   184  07F8  1886               	btfsc	6,1	;volatile
   185  07F9  2FD8               	goto	l483
   186                           
   187                           ;pro_acender_led_button.c: 41: else
   188                           ;pro_acender_led_button.c: 42: {
   189                           ;pro_acender_led_button.c: 43: PORTDbits.RD3=0;
   190  07FA  1188               	bcf	8,3	;volatile
   191  07FB  2FF6               	goto	l481
   192  07FC                     __end_of_main:	
   193  007E                     btemp	set	126	;btemp
   194  007E                     wtemp	set	126
   195  007E                     wtemp0	set	126
   196  0080                     wtemp1	set	128
   197  0082                     wtemp2	set	130
   198  0084                     wtemp3	set	132
   199  0086                     wtemp4	set	134
   200  0088                     wtemp5	set	136
   201  007F                     wtemp6	set	127
   202  007E                     ttemp	set	126
   203  007E                     ttemp0	set	126
   204  0081                     ttemp1	set	129
   205  0084                     ttemp2	set	132
   206  0087                     ttemp3	set	135
   207  007F                     ttemp4	set	127
   208  007E                     ltemp	set	126
   209  007E                     ltemp0	set	126
   210  0082                     ltemp1	set	130
   211  0086                     ltemp2	set	134
   212  0080                     ltemp3	set	128
   213                           
   214                           	psect	cinit
   215  07FC                     start_initialization:	
   216  07FC                     __initialization:	
   217  07FC                     end_of_initialization:	
   218                           ;End of C runtime variable initialization code
   219                           
   220  07FC                     __end_of__initialization:	
   221  07FC  0183               	clrf	3
   222  07FD  120A  118A  2FCD   	ljmp	_main	;jump to C main() function
   223                           
   224                           	psect	cstackCOMMON
   225  0070                     __pcstackCOMMON:	
   226  0070                     ?_main:	
   227  0070                     ??_main:	
   228                           ; 0 bytes @ 0x0
   229                           
   230                           
   231                           ; 0 bytes @ 0x0
   232  0070                     	ds	3


Data Sizes:
    Strings     0
    Constant    0
    Data        0
    BSS         0
    Persistent  0
    Stack       0

Auto Spaces:
    Space          Size  Autos    Used
    COMMON           14      3       3
    BANK0            80      0       0
    BANK1            80      0       0
    BANK3            96      0       0
    BANK2            96      0       0

Pointer List with Targets:

    None.

Critical Paths under _main in COMMON

    None.

Critical Paths under _main in BANK0

    None.

Critical Paths under _main in BANK1

    None.

Critical Paths under _main in BANK3

    None.

Critical Paths under _main in BANK2

    None.

Call Graph Tables:

 ---------------------------------------------------------------------------------
 (Depth) Function   	        Calls       Base Space   Used Autos Params    Refs
 ---------------------------------------------------------------------------------
 (0) _main                                                 3     3      0       0
                                              0 COMMON     3     3      0
 ---------------------------------------------------------------------------------
 Estimated maximum stack depth 0
 ---------------------------------------------------------------------------------

 Call Graph Graphs:

 _main (ROOT)

 Address spaces:
Name               Size   Autos  Total    Cost      Usage
BITCOMMON            E      0       0       0        0.0%
EEDATA             100      0       0       0        0.0%
NULL                 0      0       0       0        0.0%
CODE                 0      0       0       0        0.0%
COMMON               E      3       3       1       21.4%
BITSFR0              0      0       0       1        0.0%
SFR0                 0      0       0       1        0.0%
BITSFR1              0      0       0       2        0.0%
SFR1                 0      0       0       2        0.0%
STACK                0      0       0       2        0.0%
ABS                  0      0       0       3        0.0%
BITBANK0            50      0       0       4        0.0%
BITSFR3              0      0       0       4        0.0%
SFR3                 0      0       0       4        0.0%
BANK0               50      0       0       5        0.0%
BITSFR2              0      0       0       5        0.0%
SFR2                 0      0       0       5        0.0%
BITBANK1            50      0       0       6        0.0%
BANK1               50      0       0       7        0.0%
BITBANK3            60      0       0       8        0.0%
BANK3               60      0       0       9        0.0%
BITBANK2            60      0       0      10        0.0%
BANK2               60      0       0      11        0.0%
DATA                 0      0       0      12        0.0%


Microchip Technology PIC Macro Assembler V1.32 build 58300 
Symbol Table                                                                                   Sun Aug 03 18:26:46 2014

            __CFG_CP$OFF 0000                       u27 07DF                       u37 07EF  
                    l481 07F6                      l483 07D8             __CFG_CPD$OFF 0000  
           __CFG_FOSC$HS 0000             __CFG_LVP$OFF 0000             __CFG_WRT$OFF 0000  
                   _main 07CD                     btemp 007E            __CFG_BOREN$ON 0000  
                   ltemp 007E                     start 0000                     ttemp 007E  
                   wtemp 007E                    ?_main 0070            __CFG_WDTE$OFF 0000  
                  _PORTD 0008                    _TRISB 0086                    _TRISD 0088  
          __CFG_PWRTE$ON 0000                    ltemp0 007E                    ltemp1 0082  
                  ltemp2 0086                    ltemp3 0080                    ttemp0 007E  
                  ttemp1 0081                    ttemp2 0084                    ttemp3 0087  
                  ttemp4 007F                    status 0003                    wtemp0 007E  
                  wtemp1 0080                    wtemp2 0082                    wtemp3 0084  
                  wtemp4 0086                    wtemp5 0088                    wtemp6 007F  
        __initialization 07FC             __end_of_main 07FC                   ??_main 0070  
__end_of__initialization 07FC           __pcstackCOMMON 0070               __pmaintext 07CD  
   end_of_initialization 07FC                _PORTBbits 0006                _PORTDbits 0008  
    start_initialization 07FC                ___latbits 0002            __size_of_main 002F  
